<?xml version="1.0" encoding="UTF-8"?>
<testng-results ignored="0" total="2" passed="2" failed="0" skipped="0">
  <reporter-output>
  </reporter-output>
  <suite started-at="2024-01-03T10:00:11 CST" name="Default suite" finished-at="2024-01-03T10:01:01 CST" duration-ms="49652">
    <groups>
    </groups>
    <test started-at="2024-01-03T10:00:11 CST" name="Default test" finished-at="2024-01-03T10:01:01 CST" duration-ms="49652">
      <class name="variousConcepts.LearnParallalExecution">
        <test-method signature="ChromeTest()[pri:0, instance:variousConcepts.LearnParallalExecution@6892b3b6]" started-at="2024-01-03T10:00:11 CST" name="ChromeTest" finished-at="2024-01-03T10:00:46 CST" duration-ms="34558" status="PASS">
          <reporter-output>
          </reporter-output>
        </test-method> <!-- ChromeTest -->
        <test-method signature="FirefoxTest()[pri:0, instance:variousConcepts.LearnParallalExecution@6892b3b6]" started-at="2024-01-03T10:00:46 CST" name="FirefoxTest" finished-at="2024-01-03T10:01:01 CST" duration-ms="15040" status="PASS">
          <reporter-output>
          </reporter-output>
        </test-method> <!-- FirefoxTest -->
      </class> <!-- variousConcepts.LearnParallalExecution -->
    </test> <!-- Default test -->
  </suite> <!-- Default suite -->
</testng-results>
